[debug] [2022-01-23T23:00:42.587Z] ----------------------------------------------------------------------
[debug] [2022-01-23T23:00:42.588Z] Command:       C:\Program Files\nodejs\node.exe C:\Users\rpsra\AppData\Roaming\npm\node_modules\firebase-tools\lib\bin\firebase.js emulators:start --only functions
[debug] [2022-01-23T23:00:42.589Z] CLI Version:   10.1.2
[debug] [2022-01-23T23:00:42.589Z] Platform:      win32
[debug] [2022-01-23T23:00:42.589Z] Node Version:  v14.17.0
[debug] [2022-01-23T23:00:42.594Z] Time:          Mon Jan 24 2022 04:30:42 GMT+0530 (India Standard Time)
[debug] [2022-01-23T23:00:42.594Z] ----------------------------------------------------------------------
[debug] 
[debug] [2022-01-23T23:00:42.597Z] >>> [apiv2][query] GET https://firebase-public.firebaseio.com/cli.json [none]
[debug] [2022-01-23T23:00:42.671Z] > command requires scopes: ["email","openid","https://www.googleapis.com/auth/cloudplatformprojects.readonly","https://www.googleapis.com/auth/firebase","https://www.googleapis.com/auth/cloud-platform"]
[debug] [2022-01-23T23:00:42.671Z] > authorizing via signed-in user (rpsram98@gmail.com)
[info] i  emulators: Starting emulators: functions {"metadata":{"emulator":{"name":"hub"},"message":"Starting emulators: functions"}}
[warn] !  emulators: It seems that you are running multiple instances of the emulator suite for project e-commerce-b99ca. This may result in unexpected behavior. 
[debug] [2022-01-23T23:00:42.717Z] [hub] writing locator at C:\Users\rpsra\AppData\Local\Temp\hub-e-commerce-b99ca.json
[warn] !  functions: The following emulators are not running, calls to these services from the Functions emulator will affect production: auth, firestore, database, hosting, pubsub, storage {"metadata":{"emulator":{"name":"functions"},"message":"The following emulators are not running, calls to these services from the Functions emulator will affect production: \u001b[1mauth, firestore, database, hosting, pubsub, storage\u001b[22m"}}
[warn] !  Your requested "node" version "10" doesn't match your global version "14" {"metadata":{"emulator":{"name":"functions"},"message":"Your requested \"node\" version \"10\" doesn't match your global version \"14\""}}
[debug] [2022-01-23T23:00:42.769Z] defaultcredentials: writing to file C:\Users\rpsra\AppData\Roaming\firebase\rpsram98_gmail_com_application_default_credentials.json
[debug] [2022-01-23T23:00:42.771Z] Setting GAC to C:\Users\rpsra\AppData\Roaming\firebase\rpsram98_gmail_com_application_default_credentials.json {"metadata":{"emulator":{"name":"functions"},"message":"Setting GAC to C:\\Users\\rpsra\\AppData\\Roaming\\firebase\\rpsram98_gmail_com_application_default_credentials.json"}}
[debug] [2022-01-23T23:00:42.772Z] > refreshing access token with scopes: []
[debug] [2022-01-23T23:00:42.773Z] >>> HTTP REQUEST POST https://www.googleapis.com/oauth2/v3/token  
 <request body omitted>
[debug] [2022-01-23T23:00:43.014Z] <<< HTTP RESPONSE 200 {"date":"Sun, 23 Jan 2022 23:00:43 GMT","pragma":"no-cache","expires":"Mon, 01 Jan 1990 00:00:00 GMT","cache-control":"no-cache, no-store, max-age=0, must-revalidate","content-type":"application/json; charset=utf-8","vary":"X-Origin, Referer, Origin,Accept-Encoding","server":"scaffolding on HTTPServer2","x-xss-protection":"0","x-frame-options":"SAMEORIGIN","x-content-type-options":"nosniff","alt-svc":"h3=\":443\"; ma=2592000,h3-29=\":443\"; ma=2592000,h3-Q050=\":443\"; ma=2592000,h3-Q046=\":443\"; ma=2592000,h3-Q043=\":443\"; ma=2592000,quic=\":443\"; ma=2592000; v=\"46,43\"","accept-ranges":"none","transfer-encoding":"chunked"}
[debug] [2022-01-23T23:00:43.022Z] >>> [apiv2][query] GET https://firebase.googleapis.com/v1beta1/projects/e-commerce-b99ca/adminSdkConfig [none]
[debug] [2022-01-23T23:00:43.505Z] <<< [apiv2][status] GET https://firebase-public.firebaseio.com/cli.json 200
[debug] [2022-01-23T23:00:43.505Z] <<< [apiv2][body] GET https://firebase-public.firebaseio.com/cli.json {"cloudBuildErrorAfter":1594252800000,"cloudBuildWarnAfter":1590019200000,"defaultNode10After":1594252800000,"minVersion":"3.0.5","node8DeploysDisabledAfter":1613390400000,"node8RuntimeDisabledAfter":1615809600000,"node8WarnAfter":1600128000000}
[debug] [2022-01-23T23:00:43.723Z] <<< [apiv2][status] GET https://firebase.googleapis.com/v1beta1/projects/e-commerce-b99ca/adminSdkConfig 200
[debug] [2022-01-23T23:00:43.723Z] <<< [apiv2][body] GET https://firebase.googleapis.com/v1beta1/projects/e-commerce-b99ca/adminSdkConfig {"projectId":"e-commerce-b99ca","storageBucket":"e-commerce-b99ca.appspot.com","locationId":"us-central"}
[warn] !  ui: Emulator UI unable to start on port 4000, starting on 4001 instead. {"metadata":{"emulator":{"name":"ui"},"message":"Emulator UI unable to start on port 4000, starting on 4001 instead."}}
[debug] [2022-01-23T23:00:43.779Z] Ignoring unsupported arg: auto_download {"metadata":{"emulator":{"name":"ui"},"message":"Ignoring unsupported arg: auto_download"}}
[debug] [2022-01-23T23:00:43.780Z] Ignoring unsupported arg: port {"metadata":{"emulator":{"name":"ui"},"message":"Ignoring unsupported arg: port"}}
[debug] [2022-01-23T23:00:43.780Z] Starting Emulator UI with command {"binary":"node","args":["C:\\Users\\rpsra\\.cache\\firebase\\emulators\\ui-v1.6.4\\server.bundle.js"],"optionalArgs":[],"joinArgs":false} {"metadata":{"emulator":{"name":"ui"},"message":"Starting Emulator UI with command {\"binary\":\"node\",\"args\":[\"C:\\\\Users\\\\rpsra\\\\.cache\\\\firebase\\\\emulators\\\\ui-v1.6.4\\\\server.bundle.js\"],\"optionalArgs\":[],\"joinArgs\":false}"}}
[info] i  ui: Emulator UI logging to ui-debug.log {"metadata":{"emulator":{"name":"ui"},"message":"Emulator UI logging to \u001b[1mui-debug.log\u001b[22m"}}
[debug] [2022-01-23T23:00:43.928Z] Web / API server started at localhost:4001
 {"metadata":{"emulator":{"name":"ui"},"message":"Web / API server started at localhost:4001\n"}}
[info] i  functions: Watching "E:\Amazon Clone\amazon-clone\functions" for Cloud Functions... {"metadata":{"emulator":{"name":"functions"},"message":"Watching \"E:\\Amazon Clone\\amazon-clone\\functions\" for Cloud Functions..."}}
[debug] [2022-01-23T23:00:44.066Z] [worker-pool] addWorker(~diagnostic~) {"metadata":{"emulator":{"name":"functions"},"message":"[worker-pool] addWorker(~diagnostic~)"}}
[debug] [2022-01-23T23:00:44.067Z] [worker-pool] Adding worker with key ~diagnostic~, total=1 {"metadata":{"emulator":{"name":"functions"},"message":"[worker-pool] Adding worker with key ~diagnostic~, total=1"}}
[debug] [2022-01-23T23:00:44.067Z] [worker-pool] submitWork(triggerId=) {"metadata":{"emulator":{"name":"functions"},"message":"[worker-pool] submitWork(triggerId=)"}}
[debug] [2022-01-23T23:00:44.067Z] [worker-~diagnostic~-440031f6-76ec-439f-8284-849f8888f7d6]: Assigning socketPath: \\?\pipe\E:\Amazon Clone\amazon-clone\functions\16564 {"metadata":{"emulator":{"name":"functions"},"message":"[worker-~diagnostic~-440031f6-76ec-439f-8284-849f8888f7d6]: Assigning socketPath: \\\\?\\pipe\\E:\\Amazon Clone\\amazon-clone\\functions\\16564"}}
[debug] [2022-01-23T23:00:44.068Z] [worker-~diagnostic~-440031f6-76ec-439f-8284-849f8888f7d6]: BUSY {"metadata":{"emulator":{"name":"functions"},"message":"[worker-~diagnostic~-440031f6-76ec-439f-8284-849f8888f7d6]: BUSY"}}
[debug] [2022-01-23T23:00:44.367Z] [runtime-status] [16564] Functions runtime initialized. {"cwd":"E:\\Amazon Clone\\amazon-clone\\functions","node_version":"14.17.0"} {"metadata":{"emulator":{"name":"functions"},"message":"[runtime-status] [16564] Functions runtime initialized. {\"cwd\":\"E:\\\\Amazon Clone\\\\amazon-clone\\\\functions\",\"node_version\":\"14.17.0\"}"}}
[debug] [2022-01-23T23:00:44.367Z] [runtime-status] [16564] Disabled runtime features: undefined {"metadata":{"emulator":{"name":"functions"},"message":"[runtime-status] [16564] Disabled runtime features: undefined"}}
[debug] [2022-01-23T23:00:44.375Z] [runtime-status] [16564] Resolved module firebase-admin {"declared":true,"installed":true,"version":"9.12.0","resolution":"E:\\Amazon Clone\\amazon-clone\\functions\\node_modules\\firebase-admin\\lib\\index.js"} {"metadata":{"emulator":{"name":"functions"},"message":"[runtime-status] [16564] Resolved module firebase-admin {\"declared\":true,\"installed\":true,\"version\":\"9.12.0\",\"resolution\":\"E:\\\\Amazon Clone\\\\amazon-clone\\\\functions\\\\node_modules\\\\firebase-admin\\\\lib\\\\index.js\"}"}}
[debug] [2022-01-23T23:00:44.381Z] [runtime-status] [16564] Resolved module firebase-functions {"declared":true,"installed":true,"version":"3.16.0","resolution":"E:\\Amazon Clone\\amazon-clone\\functions\\node_modules\\firebase-functions\\lib\\index.js"} {"metadata":{"emulator":{"name":"functions"},"message":"[runtime-status] [16564] Resolved module firebase-functions {\"declared\":true,\"installed\":true,\"version\":\"3.16.0\",\"resolution\":\"E:\\\\Amazon Clone\\\\amazon-clone\\\\functions\\\\node_modules\\\\firebase-functions\\\\lib\\\\index.js\"}"}}
[debug] [2022-01-23T23:00:44.384Z] [runtime-status] [16564] Outgoing network have been stubbed. [{"name":"http","status":"mocked"},{"name":"http","status":"mocked"},{"name":"https","status":"mocked"},{"name":"https","status":"mocked"},{"name":"net","status":"mocked"}] {"metadata":{"emulator":{"name":"functions"},"message":"[runtime-status] [16564] Outgoing network have been stubbed. [{\"name\":\"http\",\"status\":\"mocked\"},{\"name\":\"http\",\"status\":\"mocked\"},{\"name\":\"https\",\"status\":\"mocked\"},{\"name\":\"https\",\"status\":\"mocked\"},{\"name\":\"net\",\"status\":\"mocked\"}]"}}
[debug] [2022-01-23T23:00:44.385Z] [runtime-status] [16564] Resolved module firebase-functions {"declared":true,"installed":true,"version":"3.16.0","resolution":"E:\\Amazon Clone\\amazon-clone\\functions\\node_modules\\firebase-functions\\lib\\index.js"} {"metadata":{"emulator":{"name":"functions"},"message":"[runtime-status] [16564] Resolved module firebase-functions {\"declared\":true,\"installed\":true,\"version\":\"3.16.0\",\"resolution\":\"E:\\\\Amazon Clone\\\\amazon-clone\\\\functions\\\\node_modules\\\\firebase-functions\\\\lib\\\\index.js\"}"}}
[debug] [2022-01-23T23:00:44.483Z] [runtime-status] [16564] Checked functions.config() {"config":{}} {"metadata":{"emulator":{"name":"functions"},"message":"[runtime-status] [16564] Checked functions.config() {\"config\":{}}"}}
[debug] [2022-01-23T23:00:44.484Z] [runtime-status] [16564] firebase-functions has been stubbed. {"functionsResolution":{"declared":true,"installed":true,"version":"3.16.0","resolution":"E:\\Amazon Clone\\amazon-clone\\functions\\node_modules\\firebase-functions\\lib\\index.js"}} {"metadata":{"emulator":{"name":"functions"},"message":"[runtime-status] [16564] firebase-functions has been stubbed. {\"functionsResolution\":{\"declared\":true,\"installed\":true,\"version\":\"3.16.0\",\"resolution\":\"E:\\\\Amazon Clone\\\\amazon-clone\\\\functions\\\\node_modules\\\\firebase-functions\\\\lib\\\\index.js\"}}"}}
[debug] [2022-01-23T23:00:44.484Z] [runtime-status] [16564] Resolved module firebase-functions {"declared":true,"installed":true,"version":"3.16.0","resolution":"E:\\Amazon Clone\\amazon-clone\\functions\\node_modules\\firebase-functions\\lib\\index.js"} {"metadata":{"emulator":{"name":"functions"},"message":"[runtime-status] [16564] Resolved module firebase-functions {\"declared\":true,\"installed\":true,\"version\":\"3.16.0\",\"resolution\":\"E:\\\\Amazon Clone\\\\amazon-clone\\\\functions\\\\node_modules\\\\firebase-functions\\\\lib\\\\index.js\"}"}}
[debug] [2022-01-23T23:00:44.485Z] [runtime-status] [16564] Resolved module firebase-admin {"declared":true,"installed":true,"version":"9.12.0","resolution":"E:\\Amazon Clone\\amazon-clone\\functions\\node_modules\\firebase-admin\\lib\\index.js"} {"metadata":{"emulator":{"name":"functions"},"message":"[runtime-status] [16564] Resolved module firebase-admin {\"declared\":true,\"installed\":true,\"version\":\"9.12.0\",\"resolution\":\"E:\\\\Amazon Clone\\\\amazon-clone\\\\functions\\\\node_modules\\\\firebase-admin\\\\lib\\\\index.js\"}"}}
[debug] [2022-01-23T23:00:44.486Z] [runtime-status] [16564] Resolved module firebase-functions {"declared":true,"installed":true,"version":"3.16.0","resolution":"E:\\Amazon Clone\\amazon-clone\\functions\\node_modules\\firebase-functions\\lib\\index.js"} {"metadata":{"emulator":{"name":"functions"},"message":"[runtime-status] [16564] Resolved module firebase-functions {\"declared\":true,\"installed\":true,\"version\":\"3.16.0\",\"resolution\":\"E:\\\\Amazon Clone\\\\amazon-clone\\\\functions\\\\node_modules\\\\firebase-functions\\\\lib\\\\index.js\"}"}}
[debug] [2022-01-23T23:00:44.486Z] [runtime-status] [16564] firebase-admin has been stubbed. {"adminResolution":{"declared":true,"installed":true,"version":"9.12.0","resolution":"E:\\Amazon Clone\\amazon-clone\\functions\\node_modules\\firebase-admin\\lib\\index.js"}} {"metadata":{"emulator":{"name":"functions"},"message":"[runtime-status] [16564] firebase-admin has been stubbed. {\"adminResolution\":{\"declared\":true,\"installed\":true,\"version\":\"9.12.0\",\"resolution\":\"E:\\\\Amazon Clone\\\\amazon-clone\\\\functions\\\\node_modules\\\\firebase-admin\\\\lib\\\\index.js\"}}"}}
[info] +  functions[us-central1-api]: http function initialized (http://localhost:5001/e-commerce-b99ca/us-central1/api). {"metadata":{"emulator":{"name":"functions"},"message":"\u001b[1mhttp\u001b[22m function initialized (http://localhost:5001/e-commerce-b99ca/us-central1/api)."}}
[info] 
┌─────────────────────────────────────────────────────────────┐
│ ✔  All emulators ready! It is now safe to connect your app. │
│ i  View Emulator UI at http://localhost:4001                │
└─────────────────────────────────────────────────────────────┘

┌───────────┬────────────────┬─────────────────────────────────┐
│ Emulator  │ Host:Port      │ View in Emulator UI             │
├───────────┼────────────────┼─────────────────────────────────┤
│ Functions │ localhost:5001 │ http://localhost:4001/functions │
└───────────┴────────────────┴─────────────────────────────────┘
  Emulator Hub running at localhost:4400
  Other reserved ports: 4500

Issues? Report them at https://github.com/firebase/firebase-tools/issues and attach the *-debug.log files.
 
[debug] [2022-01-23T23:00:44.834Z] [worker-~diagnostic~-440031f6-76ec-439f-8284-849f8888f7d6]: IDLE {"metadata":{"emulator":{"name":"functions"},"message":"[worker-~diagnostic~-440031f6-76ec-439f-8284-849f8888f7d6]: IDLE"}}
[debug] [2022-01-24T04:50:58.156Z] [work-queue] {"queueLength":1,"workRunningCount":0}
[debug] [2022-01-24T04:50:58.172Z] [work-queue] {"queueLength":0,"workRunningCount":1}
[debug] [2022-01-24T04:50:58.175Z] Accepted request POST /e-commerce-b99ca/us-central1/api/payments/create?total=16742500 --> us-central1-api
[debug] [2022-01-24T04:50:58.251Z] [worker-pool] addWorker(us-central1-api) {"metadata":{"emulator":{"name":"functions"},"message":"[worker-pool] addWorker(us-central1-api)"}}
[debug] [2022-01-24T04:50:58.252Z] [worker-pool] Adding worker with key us-central1-api, total=1 {"metadata":{"emulator":{"name":"functions"},"message":"[worker-pool] Adding worker with key us-central1-api, total=1"}}
[debug] [2022-01-24T04:50:58.261Z] [worker-pool] submitWork(triggerId=us-central1-api) {"metadata":{"emulator":{"name":"functions"},"message":"[worker-pool] submitWork(triggerId=us-central1-api)"}}
[debug] [2022-01-24T04:50:58.262Z] [worker-us-central1-api-3e0265db-f93a-4042-8249-59c772961bad]: Assigning socketPath: \\?\pipe\E:\Amazon Clone\amazon-clone\functions\12940 {"metadata":{"emulator":{"name":"functions"},"message":"[worker-us-central1-api-3e0265db-f93a-4042-8249-59c772961bad]: Assigning socketPath: \\\\?\\pipe\\E:\\Amazon Clone\\amazon-clone\\functions\\12940"}}
[debug] [2022-01-24T04:50:58.264Z] [worker-us-central1-api-3e0265db-f93a-4042-8249-59c772961bad]: BUSY {"metadata":{"emulator":{"name":"functions"},"message":"[worker-us-central1-api-3e0265db-f93a-4042-8249-59c772961bad]: BUSY"}}
[debug] [2022-01-24T04:50:58.834Z] [runtime-status] [12940] Functions runtime initialized. {"cwd":"E:\\Amazon Clone\\amazon-clone\\functions","node_version":"14.17.0"} {"metadata":{"emulator":{"name":"functions"},"function":{"name":"us-central1-api"},"message":"[runtime-status] [12940] Functions runtime initialized. {\"cwd\":\"E:\\\\Amazon Clone\\\\amazon-clone\\\\functions\",\"node_version\":\"14.17.0\"}"}}
[debug] [2022-01-24T04:50:58.835Z] [runtime-status] [12940] Disabled runtime features: undefined {"metadata":{"emulator":{"name":"functions"},"function":{"name":"us-central1-api"},"message":"[runtime-status] [12940] Disabled runtime features: undefined"}}
[debug] [2022-01-24T04:50:58.862Z] [runtime-status] [12940] Resolved module firebase-admin {"declared":true,"installed":true,"version":"9.12.0","resolution":"E:\\Amazon Clone\\amazon-clone\\functions\\node_modules\\firebase-admin\\lib\\index.js"} {"metadata":{"emulator":{"name":"functions"},"function":{"name":"us-central1-api"},"message":"[runtime-status] [12940] Resolved module firebase-admin {\"declared\":true,\"installed\":true,\"version\":\"9.12.0\",\"resolution\":\"E:\\\\Amazon Clone\\\\amazon-clone\\\\functions\\\\node_modules\\\\firebase-admin\\\\lib\\\\index.js\"}"}}
[debug] [2022-01-24T04:50:58.876Z] [runtime-status] [12940] Resolved module firebase-functions {"declared":true,"installed":true,"version":"3.16.0","resolution":"E:\\Amazon Clone\\amazon-clone\\functions\\node_modules\\firebase-functions\\lib\\index.js"} {"metadata":{"emulator":{"name":"functions"},"function":{"name":"us-central1-api"},"message":"[runtime-status] [12940] Resolved module firebase-functions {\"declared\":true,\"installed\":true,\"version\":\"3.16.0\",\"resolution\":\"E:\\\\Amazon Clone\\\\amazon-clone\\\\functions\\\\node_modules\\\\firebase-functions\\\\lib\\\\index.js\"}"}}
[debug] [2022-01-24T04:50:58.882Z] [runtime-status] [12940] Outgoing network have been stubbed. [{"name":"http","status":"mocked"},{"name":"http","status":"mocked"},{"name":"https","status":"mocked"},{"name":"https","status":"mocked"},{"name":"net","status":"mocked"}] {"metadata":{"emulator":{"name":"functions"},"function":{"name":"us-central1-api"},"message":"[runtime-status] [12940] Outgoing network have been stubbed. [{\"name\":\"http\",\"status\":\"mocked\"},{\"name\":\"http\",\"status\":\"mocked\"},{\"name\":\"https\",\"status\":\"mocked\"},{\"name\":\"https\",\"status\":\"mocked\"},{\"name\":\"net\",\"status\":\"mocked\"}]"}}
[debug] [2022-01-24T04:50:58.883Z] [runtime-status] [12940] Resolved module firebase-functions {"declared":true,"installed":true,"version":"3.16.0","resolution":"E:\\Amazon Clone\\amazon-clone\\functions\\node_modules\\firebase-functions\\lib\\index.js"} {"metadata":{"emulator":{"name":"functions"},"function":{"name":"us-central1-api"},"message":"[runtime-status] [12940] Resolved module firebase-functions {\"declared\":true,\"installed\":true,\"version\":\"3.16.0\",\"resolution\":\"E:\\\\Amazon Clone\\\\amazon-clone\\\\functions\\\\node_modules\\\\firebase-functions\\\\lib\\\\index.js\"}"}}
[debug] [2022-01-24T04:50:59.019Z] [runtime-status] [12940] Checked functions.config() {"config":{}} {"metadata":{"emulator":{"name":"functions"},"function":{"name":"us-central1-api"},"message":"[runtime-status] [12940] Checked functions.config() {\"config\":{}}"}}
[debug] [2022-01-24T04:50:59.019Z] [runtime-status] [12940] firebase-functions has been stubbed. {"functionsResolution":{"declared":true,"installed":true,"version":"3.16.0","resolution":"E:\\Amazon Clone\\amazon-clone\\functions\\node_modules\\firebase-functions\\lib\\index.js"}} {"metadata":{"emulator":{"name":"functions"},"function":{"name":"us-central1-api"},"message":"[runtime-status] [12940] firebase-functions has been stubbed. {\"functionsResolution\":{\"declared\":true,\"installed\":true,\"version\":\"3.16.0\",\"resolution\":\"E:\\\\Amazon Clone\\\\amazon-clone\\\\functions\\\\node_modules\\\\firebase-functions\\\\lib\\\\index.js\"}}"}}
[debug] [2022-01-24T04:50:59.026Z] [runtime-status] [12940] Resolved module firebase-functions {"declared":true,"installed":true,"version":"3.16.0","resolution":"E:\\Amazon Clone\\amazon-clone\\functions\\node_modules\\firebase-functions\\lib\\index.js"} {"metadata":{"emulator":{"name":"functions"},"function":{"name":"us-central1-api"},"message":"[runtime-status] [12940] Resolved module firebase-functions {\"declared\":true,\"installed\":true,\"version\":\"3.16.0\",\"resolution\":\"E:\\\\Amazon Clone\\\\amazon-clone\\\\functions\\\\node_modules\\\\firebase-functions\\\\lib\\\\index.js\"}"}}
[debug] [2022-01-24T04:50:59.028Z] [runtime-status] [12940] Resolved module firebase-admin {"declared":true,"installed":true,"version":"9.12.0","resolution":"E:\\Amazon Clone\\amazon-clone\\functions\\node_modules\\firebase-admin\\lib\\index.js"} {"metadata":{"emulator":{"name":"functions"},"function":{"name":"us-central1-api"},"message":"[runtime-status] [12940] Resolved module firebase-admin {\"declared\":true,\"installed\":true,\"version\":\"9.12.0\",\"resolution\":\"E:\\\\Amazon Clone\\\\amazon-clone\\\\functions\\\\node_modules\\\\firebase-admin\\\\lib\\\\index.js\"}"}}
[debug] [2022-01-24T04:50:59.034Z] [runtime-status] [12940] Resolved module firebase-functions {"declared":true,"installed":true,"version":"3.16.0","resolution":"E:\\Amazon Clone\\amazon-clone\\functions\\node_modules\\firebase-functions\\lib\\index.js"} {"metadata":{"emulator":{"name":"functions"},"function":{"name":"us-central1-api"},"message":"[runtime-status] [12940] Resolved module firebase-functions {\"declared\":true,\"installed\":true,\"version\":\"3.16.0\",\"resolution\":\"E:\\\\Amazon Clone\\\\amazon-clone\\\\functions\\\\node_modules\\\\firebase-functions\\\\lib\\\\index.js\"}"}}
[debug] [2022-01-24T04:50:59.035Z] [runtime-status] [12940] firebase-admin has been stubbed. {"adminResolution":{"declared":true,"installed":true,"version":"9.12.0","resolution":"E:\\Amazon Clone\\amazon-clone\\functions\\node_modules\\firebase-admin\\lib\\index.js"}} {"metadata":{"emulator":{"name":"functions"},"function":{"name":"us-central1-api"},"message":"[runtime-status] [12940] firebase-admin has been stubbed. {\"adminResolution\":{\"declared\":true,\"installed\":true,\"version\":\"9.12.0\",\"resolution\":\"E:\\\\Amazon Clone\\\\amazon-clone\\\\functions\\\\node_modules\\\\firebase-admin\\\\lib\\\\index.js\"}}"}}
[debug] [2022-01-24T04:50:59.609Z] [runtime-status] [12940] Trigger "us-central1-api" has been found, beginning invocation! {"metadata":{"emulator":{"name":"functions"},"function":{"name":"us-central1-api"},"message":"[runtime-status] [12940] Trigger \"us-central1-api\" has been found, beginning invocation!"}}
[info] i  functions: Beginning execution of "us-central1-api" {"metadata":{"emulator":{"name":"functions"},"function":{"name":"us-central1-api"},"message":"Beginning execution of \"us-central1-api\""}}
[debug] [2022-01-24T04:50:59.618Z] [runtime-status] [12940] triggerDefinition {"httpsTrigger":{},"name":"api","entryPoint":"api","regions":["us-central1"],"region":"us-central1","id":"us-central1-api","platform":"gcfv1"} {"metadata":{"emulator":{"name":"functions"},"function":{"name":"us-central1-api"},"message":"[runtime-status] [12940] triggerDefinition {\"httpsTrigger\":{},\"name\":\"api\",\"entryPoint\":\"api\",\"regions\":[\"us-central1\"],\"region\":\"us-central1\",\"id\":\"us-central1-api\",\"platform\":\"gcfv1\"}"}}
[debug] [2022-01-24T04:50:59.618Z] [runtime-status] [12940] Running us-central1-api in signature http {"metadata":{"emulator":{"name":"functions"},"function":{"name":"us-central1-api"},"message":"[runtime-status] [12940] Running us-central1-api in signature http"}}
[debug] [2022-01-24T04:50:59.619Z] [runtime-status] [12940] Attempting to listen to socketPath: \\?\pipe\E:\Amazon Clone\amazon-clone\functions\12940 {"metadata":{"emulator":{"name":"functions"},"function":{"name":"us-central1-api"},"message":"[runtime-status] [12940] Attempting to listen to socketPath: \\\\?\\pipe\\E:\\Amazon Clone\\amazon-clone\\functions\\12940"}}
[debug] [2022-01-24T04:50:59.629Z] [functions] Runtime ready! Sending request! {"metadata":{"emulator":{"name":"functions"},"message":"[functions] Runtime ready! Sending request!"}}
[debug] [2022-01-24T04:50:59.630Z] [functions] Got req.url=/e-commerce-b99ca/us-central1/api/payments/create?total=16742500, mapping to path=/payments/create?total=16742500 {"metadata":{"emulator":{"name":"functions"},"message":"[functions] Got req.url=/e-commerce-b99ca/us-central1/api/payments/create?total=16742500, mapping to path=/payments/create?total=16742500"}}
[debug] [2022-01-24T04:50:59.654Z] [runtime-status] [12940] Ephemeral server handling POST request {"metadata":{"emulator":{"name":"functions"},"function":{"name":"us-central1-api"},"message":"[runtime-status] [12940] Ephemeral server handling POST request"}}
[info] >  Payment Request Recieved BOOM!!! for this amount >>>  16742500 {"user":"Payment Request Recieved BOOM!!! for this amount >>>  16742500","metadata":{"emulator":{"name":"functions"},"function":{"name":"us-central1-api"},"message":"\u001b[90m> \u001b[39m Payment Request Recieved BOOM!!! for this amount >>>  16742500"}}
[debug] [2022-01-24T04:50:59.680Z] [runtime-status] [12940] Ephemeral server survived. {"metadata":{"emulator":{"name":"functions"},"function":{"name":"us-central1-api"},"message":"[runtime-status] [12940] Ephemeral server survived."}}
[info] i  functions: Finished "us-central1-api" in ~1s {"metadata":{"emulator":{"name":"functions"},"function":{"name":"us-central1-api"},"message":"Finished \"us-central1-api\" in ~1s"}}
[debug] [2022-01-24T04:51:00.399Z] [worker-us-central1-api-3e0265db-f93a-4042-8249-59c772961bad]: IDLE {"metadata":{"emulator":{"name":"functions"},"message":"[worker-us-central1-api-3e0265db-f93a-4042-8249-59c772961bad]: IDLE"}}
[debug] [2022-01-24T04:51:00.400Z] [work-queue] {"queueLength":0,"workRunningCount":0}
[debug] [2022-01-24T04:51:16.950Z] [work-queue] {"queueLength":1,"workRunningCount":0}
[debug] [2022-01-24T04:51:16.950Z] [work-queue] {"queueLength":0,"workRunningCount":1}
[debug] [2022-01-24T04:51:16.951Z] Accepted request POST /e-commerce-b99ca/us-central1/api/payments/create?total=0 --> us-central1-api
[debug] [2022-01-24T04:51:16.951Z] [worker-pool] submitWork(triggerId=us-central1-api) {"metadata":{"emulator":{"name":"functions"},"message":"[worker-pool] submitWork(triggerId=us-central1-api)"}}
[debug] [2022-01-24T04:51:16.951Z] [worker-us-central1-api-3e0265db-f93a-4042-8249-59c772961bad]: Assigning socketPath: \\?\pipe\E:\Amazon Clone\amazon-clone\functions\12940 {"metadata":{"emulator":{"name":"functions"},"message":"[worker-us-central1-api-3e0265db-f93a-4042-8249-59c772961bad]: Assigning socketPath: \\\\?\\pipe\\E:\\Amazon Clone\\amazon-clone\\functions\\12940"}}
[debug] [2022-01-24T04:51:16.951Z] [worker-us-central1-api-3e0265db-f93a-4042-8249-59c772961bad]: BUSY {"metadata":{"emulator":{"name":"functions"},"message":"[worker-us-central1-api-3e0265db-f93a-4042-8249-59c772961bad]: BUSY"}}
[debug] [2022-01-24T04:51:16.956Z] [runtime-status] [12940] Trigger "us-central1-api" has been found, beginning invocation! {"metadata":{"emulator":{"name":"functions"},"function":{"name":"us-central1-api"},"message":"[runtime-status] [12940] Trigger \"us-central1-api\" has been found, beginning invocation!"}}
[info] i  functions: Beginning execution of "us-central1-api" {"metadata":{"emulator":{"name":"functions"},"function":{"name":"us-central1-api"},"message":"Beginning execution of \"us-central1-api\""}}
[debug] [2022-01-24T04:51:16.957Z] [runtime-status] [12940] triggerDefinition {"httpsTrigger":{},"name":"api","entryPoint":"api","regions":["us-central1"],"region":"us-central1","id":"us-central1-api","platform":"gcfv1"} {"metadata":{"emulator":{"name":"functions"},"function":{"name":"us-central1-api"},"message":"[runtime-status] [12940] triggerDefinition {\"httpsTrigger\":{},\"name\":\"api\",\"entryPoint\":\"api\",\"regions\":[\"us-central1\"],\"region\":\"us-central1\",\"id\":\"us-central1-api\",\"platform\":\"gcfv1\"}"}}
[debug] [2022-01-24T04:51:16.957Z] [runtime-status] [12940] Running us-central1-api in signature http {"metadata":{"emulator":{"name":"functions"},"function":{"name":"us-central1-api"},"message":"[runtime-status] [12940] Running us-central1-api in signature http"}}
[debug] [2022-01-24T04:51:16.958Z] [runtime-status] [12940] Attempting to listen to socketPath: \\?\pipe\E:\Amazon Clone\amazon-clone\functions\12940 {"metadata":{"emulator":{"name":"functions"},"function":{"name":"us-central1-api"},"message":"[runtime-status] [12940] Attempting to listen to socketPath: \\\\?\\pipe\\E:\\Amazon Clone\\amazon-clone\\functions\\12940"}}
[debug] [2022-01-24T04:51:16.959Z] [functions] Runtime ready! Sending request! {"metadata":{"emulator":{"name":"functions"},"message":"[functions] Runtime ready! Sending request!"}}
[debug] [2022-01-24T04:51:16.959Z] [functions] Got req.url=/e-commerce-b99ca/us-central1/api/payments/create?total=0, mapping to path=/payments/create?total=0 {"metadata":{"emulator":{"name":"functions"},"message":"[functions] Got req.url=/e-commerce-b99ca/us-central1/api/payments/create?total=0, mapping to path=/payments/create?total=0"}}
[debug] [2022-01-24T04:51:16.963Z] [runtime-status] [12940] Ephemeral server handling POST request {"metadata":{"emulator":{"name":"functions"},"function":{"name":"us-central1-api"},"message":"[runtime-status] [12940] Ephemeral server handling POST request"}}
[info] >  Payment Request Recieved BOOM!!! for this amount >>>  0 {"user":"Payment Request Recieved BOOM!!! for this amount >>>  0","metadata":{"emulator":{"name":"functions"},"function":{"name":"us-central1-api"},"message":"\u001b[90m> \u001b[39m Payment Request Recieved BOOM!!! for this amount >>>  0"}}
[debug] [2022-01-24T04:51:16.965Z] [runtime-status] [12940] Ephemeral server survived. {"metadata":{"emulator":{"name":"functions"},"function":{"name":"us-central1-api"},"message":"[runtime-status] [12940] Ephemeral server survived."}}
[info] >  (node:12940) UnhandledPromiseRejectionWarning: Error: This value must be greater than or equal to 1. {"user":"(node:12940) UnhandledPromiseRejectionWarning: Error: This value must be greater than or equal to 1.","metadata":{"emulator":{"name":"functions"},"function":{"name":"us-central1-api"},"message":"\u001b[90m> \u001b[39m (node:12940) UnhandledPromiseRejectionWarning: Error: This value must be greater than or equal to 1."}}
[info] >      at Function.generate (E:\Amazon Clone\amazon-clone\functions\node_modules\stripe\lib\Error.js:40:16) {"user":"    at Function.generate (E:\\Amazon Clone\\amazon-clone\\functions\\node_modules\\stripe\\lib\\Error.js:40:16)","metadata":{"emulator":{"name":"functions"},"function":{"name":"us-central1-api"},"message":"\u001b[90m> \u001b[39m     at Function.generate (E:\\Amazon Clone\\amazon-clone\\functions\\node_modules\\stripe\\lib\\Error.js:40:16)"}}
[info] >      at res.toJSON.then.StripeAPIError.message (E:\Amazon Clone\amazon-clone\functions\node_modules\stripe\lib\StripeResource.js:220:35) {"user":"    at res.toJSON.then.StripeAPIError.message (E:\\Amazon Clone\\amazon-clone\\functions\\node_modules\\stripe\\lib\\StripeResource.js:220:35)","metadata":{"emulator":{"name":"functions"},"function":{"name":"us-central1-api"},"message":"\u001b[90m> \u001b[39m     at res.toJSON.then.StripeAPIError.message (E:\\Amazon Clone\\amazon-clone\\functions\\node_modules\\stripe\\lib\\StripeResource.js:220:35)"}}
[info] >      at processTicksAndRejections (internal/process/task_queues.js:95:5) {"user":"    at processTicksAndRejections (internal/process/task_queues.js:95:5)","metadata":{"emulator":{"name":"functions"},"function":{"name":"us-central1-api"},"message":"\u001b[90m> \u001b[39m     at processTicksAndRejections (internal/process/task_queues.js:95:5)"}}
[info] >  (Use `node --trace-warnings ...` to show where the warning was created) {"user":"(Use `node --trace-warnings ...` to show where the warning was created)","metadata":{"emulator":{"name":"functions"},"function":{"name":"us-central1-api"},"message":"\u001b[90m> \u001b[39m (Use `node --trace-warnings ...` to show where the warning was created)"}}
[info] >  (node:12940) UnhandledPromiseRejectionWarning: Unhandled promise rejection. This error originated either by throwing inside of an async function without a catch block, or by rejecting a promise which was not handled with .catch(). To terminate the node process on unhandled promise rejection, use the CLI flag `--unhandled-rejections=strict` (see https://nodejs.org/api/cli.html#cli_unhandled_rejections_mode). (rejection id: 1) {"user":"(node:12940) UnhandledPromiseRejectionWarning: Unhandled promise rejection. This error originated either by throwing inside of an async function without a catch block, or by rejecting a promise which was not handled with .catch(). To terminate the node process on unhandled promise rejection, use the CLI flag `--unhandled-rejections=strict` (see https://nodejs.org/api/cli.html#cli_unhandled_rejections_mode). (rejection id: 1)","metadata":{"emulator":{"name":"functions"},"function":{"name":"us-central1-api"},"message":"\u001b[90m> \u001b[39m (node:12940) UnhandledPromiseRejectionWarning: Unhandled promise rejection. This error originated either by throwing inside of an async function without a catch block, or by rejecting a promise which was not handled with .catch(). To terminate the node process on unhandled promise rejection, use the CLI flag `--unhandled-rejections=strict` (see https://nodejs.org/api/cli.html#cli_unhandled_rejections_mode). (rejection id: 1)"}}
[info] >  (node:12940) [DEP0018] DeprecationWarning: Unhandled promise rejections are deprecated. In the future, promise rejections that are not handled will terminate the Node.js process with a non-zero exit code. {"user":"(node:12940) [DEP0018] DeprecationWarning: Unhandled promise rejections are deprecated. In the future, promise rejections that are not handled will terminate the Node.js process with a non-zero exit code.","metadata":{"emulator":{"name":"functions"},"function":{"name":"us-central1-api"},"message":"\u001b[90m> \u001b[39m (node:12940) [DEP0018] DeprecationWarning: Unhandled promise rejections are deprecated. In the future, promise rejections that are not handled will terminate the Node.js process with a non-zero exit code."}}
[warn] !  functions: Your function timed out after ~60s. To configure this timeout, see
      https://firebase.google.com/docs/functions/manage-functions#set_timeout_and_memory_allocation. {"metadata":{"emulator":{"name":"functions"},"function":{"name":"us-central1-api"},"message":"Your function timed out after ~60s. To configure this timeout, see\n      https://firebase.google.com/docs/functions/manage-functions#set_timeout_and_memory_allocation."}}
[info] >  C:\Users\rpsra\AppData\Roaming\npm\node_modules\firebase-tools\lib\emulator\functionsEmulatorRuntime.js:618 {"user":"C:\\Users\\rpsra\\AppData\\Roaming\\npm\\node_modules\\firebase-tools\\lib\\emulator\\functionsEmulatorRuntime.js:618\r","metadata":{"emulator":{"name":"functions"},"function":{"name":"us-central1-api"},"message":"\u001b[90m> \u001b[39m C:\\Users\\rpsra\\AppData\\Roaming\\npm\\node_modules\\firebase-tools\\lib\\emulator\\functionsEmulatorRuntime.js:618\r"}}
[info] >              throw new Error("Function timed out."); {"user":"            throw new Error(\"Function timed out.\");\r","metadata":{"emulator":{"name":"functions"},"function":{"name":"us-central1-api"},"message":"\u001b[90m> \u001b[39m             throw new Error(\"Function timed out.\");\r"}}
[info] >              ^ {"user":"            ^\r","metadata":{"emulator":{"name":"functions"},"function":{"name":"us-central1-api"},"message":"\u001b[90m> \u001b[39m             ^\r"}}
[info] >   {"user":"\r","metadata":{"emulator":{"name":"functions"},"function":{"name":"us-central1-api"},"message":"\u001b[90m> \u001b[39m \r"}}
[info] >  Error: Function timed out. {"user":"Error: Function timed out.\r","metadata":{"emulator":{"name":"functions"},"function":{"name":"us-central1-api"},"message":"\u001b[90m> \u001b[39m Error: Function timed out.\r"}}
[info] >      at Timeout._onTimeout (C:\Users\rpsra\AppData\Roaming\npm\node_modules\firebase-tools\lib\emulator\functionsEmulatorRuntime.js:618:19) {"user":"    at Timeout._onTimeout (C:\\Users\\rpsra\\AppData\\Roaming\\npm\\node_modules\\firebase-tools\\lib\\emulator\\functionsEmulatorRuntime.js:618:19)\r","metadata":{"emulator":{"name":"functions"},"function":{"name":"us-central1-api"},"message":"\u001b[90m> \u001b[39m     at Timeout._onTimeout (C:\\Users\\rpsra\\AppData\\Roaming\\npm\\node_modules\\firebase-tools\\lib\\emulator\\functionsEmulatorRuntime.js:618:19)\r"}}
[info] >      at listOnTimeout (internal/timers.js:555:17) {"user":"    at listOnTimeout (internal/timers.js:555:17)\r","metadata":{"emulator":{"name":"functions"},"function":{"name":"us-central1-api"},"message":"\u001b[90m> \u001b[39m     at listOnTimeout (internal/timers.js:555:17)\r"}}
[info] >      at processTimers (internal/timers.js:498:7) {"user":"    at processTimers (internal/timers.js:498:7)\r","metadata":{"emulator":{"name":"functions"},"function":{"name":"us-central1-api"},"message":"\u001b[90m> \u001b[39m     at processTimers (internal/timers.js:498:7)\r"}}
[debug] [2022-01-24T04:52:16.993Z] [worker-us-central1-api-3e0265db-f93a-4042-8249-59c772961bad]: exited {"metadata":{"emulator":{"name":"functions"},"message":"[worker-us-central1-api-3e0265db-f93a-4042-8249-59c772961bad]: exited"}}
[debug] [2022-01-24T04:52:16.993Z] [worker-us-central1-api-3e0265db-f93a-4042-8249-59c772961bad]: FINISHED {"metadata":{"emulator":{"name":"functions"},"message":"[worker-us-central1-api-3e0265db-f93a-4042-8249-59c772961bad]: FINISHED"}}
[debug] [2022-01-24T04:52:16.994Z] [work-queue] {"queueLength":0,"workRunningCount":0}
